Determining if the include file pthread.h exists failed with the following output:
Change Dir: C:/Users/jmihk/source/repos/Cataclysm-DDA/out/build/x64-Debug/CMakeFiles/CMakeTmp

Run Build Command(s):C:/Program Files (x86)/Microsoft Visual Studio/2019/Community/Common7/IDE/CommonExtensions/Microsoft/CMake/Ninja/ninja.exe cmTC_d0042 
[1/2] Building C object CMakeFiles\cmTC_d0042.dir\CheckIncludeFile.c.obj
FAILED: CMakeFiles/cmTC_d0042.dir/CheckIncludeFile.c.obj 
C:\PROGRA~2\MICROS~1\2019\COMMUN~1\VC\Tools\MSVC\1421~1.277\bin\HostX64\x64\cl.exe  /nologo   /DWIN32 /D_WINDOWS /W3  /MDd /ZI /Ob0 /Od /RTC1 /JMC /showIncludes /FoCMakeFiles\cmTC_d0042.dir\CheckIncludeFile.c.obj /FdCMakeFiles\cmTC_d0042.dir\ /FS -c CheckIncludeFile.c
C:\Users\jmihk\source\repos\Cataclysm-DDA\out\build\x64-Debug\CMakeFiles\CMakeTmp\CheckIncludeFile.c(1): fatal error C1083: Cannot open include file: 'pthread.h': No such file or directory
ninja: build stopped: subcommand failed.


Determining if the function dgettext exists failed with the following output:
Change Dir: C:/Users/jmihk/source/repos/Cataclysm-DDA/out/build/x64-Debug/CMakeFiles/CMakeTmp

Run Build Command(s):C:/Program Files (x86)/Microsoft Visual Studio/2019/Community/Common7/IDE/CommonExtensions/Microsoft/CMake/Ninja/ninja.exe cmTC_42d13 
[1/2] Building C object CMakeFiles\cmTC_42d13.dir\CheckFunctionExists.c.obj
[2/2] Linking C executable cmTC_42d13.exe
FAILED: cmTC_42d13.exe 
cmd.exe /C "cd . && "C:\Program Files (x86)\Microsoft Visual Studio\2019\Community\Common7\IDE\CommonExtensions\Microsoft\CMake\CMake\bin\cmake.exe" -E vs_link_exe --intdir=CMakeFiles\cmTC_42d13.dir --rc=C:\PROGRA~2\WI3CF2~1\10\bin\100177~1.0\x64\rc.exe --mt=C:\PROGRA~2\WI3CF2~1\10\bin\100177~1.0\x64\mt.exe --manifests  -- C:\PROGRA~2\MICROS~1\2019\COMMUN~1\VC\Tools\MSVC\1421~1.277\bin\Hostx64\x64\link.exe /nologo CMakeFiles\cmTC_42d13.dir\CheckFunctionExists.c.obj  /out:cmTC_42d13.exe /implib:cmTC_42d13.lib /pdb:cmTC_42d13.pdb /version:0.0  /machine:x64  /debug /INCREMENTAL /subsystem:console  kernel32.lib user32.lib gdi32.lib winspool.lib shell32.lib ole32.lib oleaut32.lib uuid.lib comdlg32.lib advapi32.lib && cmd.exe /C "cd /D C:\Users\jmihk\source\repos\Cataclysm-DDA\out\build\x64-Debug\CMakeFiles\CMakeTmp && powershell -noprofile -executionpolicy Bypass -file "C:/Program Files (x86)/Microsoft Visual Studio/2019/Community/Common7/Tools/vcpkg/scripts/buildsystems/msbuild/applocal.ps1" -targetBinary C:/Users/jmihk/source/repos/Cataclysm-DDA/out/build/x64-Debug/CMakeFiles/CMakeTmp/cmTC_42d13.exe -installedDir "C:/Program Files (x86)/Microsoft Visual Studio/2019/Community/Common7/Tools/vcpkg/installed/x64-windows/debug/bin" -OutVariable out""
LINK Pass 1: command "C:\PROGRA~2\MICROS~1\2019\COMMUN~1\VC\Tools\MSVC\1421~1.277\bin\Hostx64\x64\link.exe /nologo CMakeFiles\cmTC_42d13.dir\CheckFunctionExists.c.obj /out:cmTC_42d13.exe /implib:cmTC_42d13.lib /pdb:cmTC_42d13.pdb /version:0.0 /machine:x64 /debug /INCREMENTAL /subsystem:console kernel32.lib user32.lib gdi32.lib winspool.lib shell32.lib ole32.lib oleaut32.lib uuid.lib comdlg32.lib advapi32.lib /MANIFEST /MANIFESTFILE:CMakeFiles\cmTC_42d13.dir/intermediate.manifest CMakeFiles\cmTC_42d13.dir/manifest.res" failed (exit code 1120) with the following output:
CheckFunctionExists.c.obj : error LNK2019: unresolved external symbol dgettext referenced in function main
cmTC_42d13.exe : fatal error LNK1120: 1 unresolved externals
ninja: build stopped: subcommand failed.


Performing C++ SOURCE FILE Test ICONV_SECOND_ARGUMENT_IS_CONST failed with the following output:
Change Dir: C:/Users/jmihk/source/repos/Cataclysm-DDA/out/build/x64-Debug/CMakeFiles/CMakeTmp

Run Build Command(s):C:/Program Files (x86)/Microsoft Visual Studio/2019/Community/Common7/IDE/CommonExtensions/Microsoft/CMake/Ninja/ninja.exe cmTC_feebe 
[1/2] Building CXX object CMakeFiles\cmTC_feebe.dir\src.cxx.obj
[2/2] Linking CXX executable cmTC_feebe.exe
FAILED: cmTC_feebe.exe 
cmd.exe /C "cd . && "C:\Program Files (x86)\Microsoft Visual Studio\2019\Community\Common7\IDE\CommonExtensions\Microsoft\CMake\CMake\bin\cmake.exe" -E vs_link_exe --intdir=CMakeFiles\cmTC_feebe.dir --rc=C:\PROGRA~2\WI3CF2~1\10\bin\100177~1.0\x64\rc.exe --mt=C:\PROGRA~2\WI3CF2~1\10\bin\100177~1.0\x64\mt.exe --manifests  -- C:\PROGRA~2\MICROS~1\2019\COMMUN~1\VC\Tools\MSVC\1421~1.277\bin\Hostx64\x64\link.exe /nologo CMakeFiles\cmTC_feebe.dir\src.cxx.obj  /out:cmTC_feebe.exe /implib:cmTC_feebe.lib /pdb:cmTC_feebe.pdb /version:0.0  /machine:x64  /debug /INCREMENTAL /subsystem:console  C:\libs\GnuWin32\lib\libiconv.lib kernel32.lib user32.lib gdi32.lib winspool.lib shell32.lib ole32.lib oleaut32.lib uuid.lib comdlg32.lib advapi32.lib && cmd.exe /C "cd /D C:\Users\jmihk\source\repos\Cataclysm-DDA\out\build\x64-Debug\CMakeFiles\CMakeTmp && powershell -noprofile -executionpolicy Bypass -file "C:/Program Files (x86)/Microsoft Visual Studio/2019/Community/Common7/Tools/vcpkg/scripts/buildsystems/msbuild/applocal.ps1" -targetBinary C:/Users/jmihk/source/repos/Cataclysm-DDA/out/build/x64-Debug/CMakeFiles/CMakeTmp/cmTC_feebe.exe -installedDir "C:/Program Files (x86)/Microsoft Visual Studio/2019/Community/Common7/Tools/vcpkg/installed/x64-windows/debug/bin" -OutVariable out""
LINK Pass 1: command "C:\PROGRA~2\MICROS~1\2019\COMMUN~1\VC\Tools\MSVC\1421~1.277\bin\Hostx64\x64\link.exe /nologo CMakeFiles\cmTC_feebe.dir\src.cxx.obj /out:cmTC_feebe.exe /implib:cmTC_feebe.lib /pdb:cmTC_feebe.pdb /version:0.0 /machine:x64 /debug /INCREMENTAL /subsystem:console C:\libs\GnuWin32\lib\libiconv.lib kernel32.lib user32.lib gdi32.lib winspool.lib shell32.lib ole32.lib oleaut32.lib uuid.lib comdlg32.lib advapi32.lib /MANIFEST /MANIFESTFILE:CMakeFiles\cmTC_feebe.dir/intermediate.manifest CMakeFiles\cmTC_feebe.dir/manifest.res" failed (exit code 1120) with the following output:
src.cxx.obj : error LNK2019: unresolved external symbol __imp_libiconv referenced in function main
C:\libs\GnuWin32\lib\libiconv.lib : warning LNK4272: library machine type 'x86' conflicts with target machine type 'x64'
cmTC_feebe.exe : fatal error LNK1120: 1 unresolved externals
ninja: build stopped: subcommand failed.

Source file was:

  #include <iconv.h>
  int main(){
    iconv_t conv = 0;
    const char* in = 0;
    size_t ilen = 0;
    char* out = 0;
    size_t olen = 0;
    iconv(conv, &in, &ilen, &out, &olen);
    return 0;
  }

